  Using 'git status' to determine working set for adaptive non-unity build (D:\GitHub\DivineCombat).
  Creating makefile for DivineCombat (game project files are newer)
  Parsing headers for DivineCombat
    Running UnrealHeaderTool "D:\GitHub\DivineCombat\DivineCombat\DivineCombat.uproject" "D:\GitHub\DivineCombat\DivineCombat\Intermediate\Build\Win32\DivineCombat\Development\DivineCombat.uhtmanifest" -LogCmds="loginit warning, logexit warning, logdatabase error" -Unattended -WarningsAsErrors -abslog="C:\Users\cynth\AppData\Local\UnrealBuildTool\Log_UHT.txt" -installed
  Reflection code generated for DivineCombat in 14.9533314 seconds
  Building DivineCombat...
  Using Visual Studio 2019 14.29.30133 toolchain (C:\Program Files (x86)\Microsoft Visual Studio\2019\Community\VC\Tools\MSVC\14.29.30133) and Windows 10.0.19041.0 SDK (C:\Program Files (x86)\Windows Kits\10).
  Building 11 actions with 8 processes...
    [1/11] HealthComponent.cpp
    [2/11] DivineCombat.cpp
    [3/11] DivineCombat.init.gen.cpp
    [4/11] HealthComponent.gen.cpp
    [5/11] AIStatHolder.gen.cpp
    [6/11] GameModeTurnSystem.gen.cpp
    [7/11] GameModeTurnSystem.cpp
D:\GitHub\DivineCombat\DivineCombat\Source\DivineCombat\BaseEnemy.h(59): warning C4263: 'bool ABaseEnemy::TakeDamage(float,int)': member function does not override any base class virtual member function
D:\GitHub\DivineCombat\DivineCombat\Source\DivineCombat\BaseEnemy.h(62): warning C4264: 'float APawn::TakeDamage(float,const FDamageEvent &,AController *,AActor *)': no override available for virtual member function from base 'APawn'; function is hidden
    D:\ProgramFiles\UE_4.26\Engine\Source\Runtime\Engine\Classes\GameFramework/Pawn.h(247): note: see declaration of 'APawn::TakeDamage'
    D:\ProgramFiles\UE_4.26\Engine\Intermediate\Build\Win32\UE4\Inc\Engine\GameModeBase.generated.h(14): note: see declaration of 'APawn'
    [8/11] BaseEnemy.gen.cpp
D:\GitHub\DivineCombat\DivineCombat\Source\DivineCombat/BaseEnemy.h(59): warning C4263: 'bool ABaseEnemy::TakeDamage(float,int)': member function does not override any base class virtual member function
D:\GitHub\DivineCombat\DivineCombat\Source\DivineCombat/BaseEnemy.h(62): warning C4264: 'float APawn::TakeDamage(float,const FDamageEvent &,AController *,AActor *)': no override available for virtual member function from base 'APawn'; function is hidden
    D:\ProgramFiles\UE_4.26\Engine\Source\Runtime\Engine\Classes\GameFramework/Pawn.h(247): note: see declaration of 'APawn::TakeDamage'
    D:\ProgramFiles\UE_4.26\Engine\Source\Runtime\Engine\Classes\GameFramework/PlayerController.h(31): note: see declaration of 'APawn'
    [9/11] BaseEnemy.cpp
D:\GitHub\DivineCombat\DivineCombat\Source\DivineCombat\BaseEnemy.h(59): warning C4263: 'bool ABaseEnemy::TakeDamage(float,int)': member function does not override any base class virtual member function
D:\GitHub\DivineCombat\DivineCombat\Source\DivineCombat\BaseEnemy.h(62): warning C4264: 'float APawn::TakeDamage(float,const FDamageEvent &,AController *,AActor *)': no override available for virtual member function from base 'APawn'; function is hidden
    D:\ProgramFiles\UE_4.26\Engine\Source\Runtime\Engine\Classes\GameFramework/Pawn.h(247): note: see declaration of 'APawn::TakeDamage'
    D:\ProgramFiles\UE_4.26\Engine\Source\Runtime\Engine\Classes\GameFramework/PlayerController.h(31): note: see declaration of 'APawn'
    [10/11] DivineCombat.exe
       Creating library D:\GitHub\DivineCombat\DivineCombat\Binaries\Win32\DivineCombat.lib and object D:\GitHub\DivineCombat\DivineCombat\Binaries\Win32\DivineCombat.exp
    [11/11] DivineCombat.target
  Total time in Parallel executor: 359.29 seconds
  Total execution time: 378.22 seconds
